[debug] [2018-11-04T02:46:46.095Z] ----------------------------------------------------------------------
[debug] [2018-11-04T02:46:46.097Z] Command:       /usr/local/Cellar/node/10.11.0/bin/node /usr/local/bin/firebase serve
[debug] [2018-11-04T02:46:46.097Z] CLI Version:   6.0.1
[debug] [2018-11-04T02:46:46.097Z] Platform:      darwin
[debug] [2018-11-04T02:46:46.097Z] Node Version:  v10.11.0
[debug] [2018-11-04T02:46:46.098Z] Time:          Sat Nov 03 2018 21:46:46 GMT-0500 (Central Daylight Time)
[debug] [2018-11-04T02:46:46.098Z] ----------------------------------------------------------------------
[debug] 
[debug] [2018-11-04T02:46:46.106Z] > command requires scopes: ["email","openid","https://www.googleapis.com/auth/cloudplatformprojects.readonly","https://www.googleapis.com/auth/firebase","https://www.googleapis.com/auth/cloud-platform"]
[debug] [2018-11-04T02:46:46.107Z] > authorizing via signed-in user
[debug] [2018-11-04T02:46:46.107Z] [iam] checking project fir-realtimedatabase-dem-ead13 for permissions ["firebase.projects.get"]
[debug] [2018-11-04T02:46:46.108Z] > refreshing access token with scopes: ["email","https://www.googleapis.com/auth/cloud-platform","https://www.googleapis.com/auth/cloudplatformprojects.readonly","https://www.googleapis.com/auth/firebase","openid"]
[debug] [2018-11-04T02:46:46.109Z] >>> HTTP REQUEST POST https://www.googleapis.com/oauth2/v3/token  
 <request body omitted>
[debug] [2018-11-04T02:46:46.356Z] <<< HTTP RESPONSE 200
[debug] [2018-11-04T02:46:46.368Z] >>> HTTP REQUEST POST https://cloudresourcemanager.googleapis.com/v1/projects/fir-realtimedatabase-dem-ead13:testIamPermissions  

[debug] [2018-11-04T02:46:46.611Z] <<< HTTP RESPONSE 200
[debug] [2018-11-04T02:46:46.613Z] >>> HTTP REQUEST GET https://cloudresourcemanager.googleapis.com/v1/projects/fir-realtimedatabase-dem-ead13  
 
[debug] [2018-11-04T02:46:46.782Z] <<< HTTP RESPONSE 200
[info] 
[info] === Serving from '/Users/robbobfrh84/github/lab/firebaseDemo'...
[info] 
[debug] [2018-11-04T02:46:46.785Z] >>> HTTP REQUEST GET https://mobilesdk-pa.googleapis.com/v1/projects/332488716787/clients/_:getWebAppConfig  
 
[debug] [2018-11-04T02:46:47.292Z] <<< HTTP RESPONSE 200
[info] i  hosting: Serving hosting files from: ./
[info] ✔  hosting: Local server: http://localhost:5000
